[    0.000000] Linux version 4.15.0-112-generic (buildd@lcy01-amd64-027) (gcc version 7.5.0 (Ubuntu 7.5.0-3ubuntu1~18.04)) #113-Ubuntu SMP Thu Jul 9 23:41:39 UTC 2020 (Ubuntu 4.15.0-112.113-generic 4.15.18)
[    0.000000] Command line: BOOT_IMAGE=/boot/vmlinuz-4.15.0-112-generic root=LABEL=cloudimg-rootfs ro console=tty1 console=ttyS0
[    0.000000] KERNEL supported cpus:
[    0.000000]   Intel GenuineIntel
[    0.000000]   AMD AuthenticAMD
[    0.000000]   Centaur CentaurHauls
[    0.000000] x86/fpu: Supporting XSAVE feature 0x001: 'x87 floating point registers'
[    0.000000] x86/fpu: Supporting XSAVE feature 0x002: 'SSE registers'
[    0.000000] x86/fpu: Supporting XSAVE feature 0x004: 'AVX registers'
[    0.000000] x86/fpu: xstate_offset[2]:  576, xstate_sizes[2]:  256
[    0.000000] x86/fpu: Enabled xstate features 0x7, context size is 832 bytes, using 'standard' format.
[    0.000000] e820: BIOS-provided physical RAM map:
[    0.000000] BIOS-e820: [mem 0x0000000000000000-0x000000000009fbff] usable
[    0.000000] BIOS-e820: [mem 0x000000000009fc00-0x000000000009ffff] reserved
[    0.000000] BIOS-e820: [mem 0x00000000000f0000-0x00000000000fffff] reserved
[    0.000000] BIOS-e820: [mem 0x0000000000100000-0x000000001ffeffff] usable
[    0.000000] BIOS-e820: [mem 0x000000001fff0000-0x000000001fffffff] ACPI data
[    0.000000] BIOS-e820: [mem 0x00000000fec00000-0x00000000fec00fff] reserved
[    0.000000] BIOS-e820: [mem 0x00000000fee00000-0x00000000fee00fff] reserved
[    0.000000] BIOS-e820: [mem 0x00000000fffc0000-0x00000000ffffffff] reserved
[    0.000000] NX (Execute Disable) protection: active
[    0.000000] SMBIOS 2.5 present.
[    0.000000] DMI: innotek GmbH VirtualBox/VirtualBox, BIOS VirtualBox 12/01/2006
[    0.000000] Hypervisor detected: KVM
[    0.000000] e820: last_pfn = 0x1fff0 max_arch_pfn = 0x400000000
[    0.000000] MTRR: Disabled
[    0.000000] x86/PAT: MTRRs disabled, skipping PAT initialization too.
[    0.000000] CPU MTRRs all blank - virtualized system.
[    0.000000] x86/PAT: Configuration [0-7]: WB  WT  UC- UC  WB  WT  UC- UC  
[    0.000000] found SMP MP-table at [mem 0x0009fff0-0x0009ffff]
[    0.000000] Scanning 1 areas for low memory corruption
[    0.000000] RAMDISK: [mem 0x1db56000-0x1ee18fff]
[    0.000000] ACPI: Early table checksum verification disabled
[    0.000000] ACPI: RSDP 0x00000000000E0000 000024 (v02 VBOX  )
[    0.000000] ACPI: XSDT 0x000000001FFF0030 00003C (v01 VBOX   VBOXXSDT 00000001 ASL  00000061)
[    0.000000] ACPI: FACP 0x000000001FFF00F0 0000F4 (v04 VBOX   VBOXFACP 00000001 ASL  00000061)
[    0.000000] ACPI: DSDT 0x000000001FFF0470 0021FF (v02 VBOX   VBOXBIOS 00000002 INTL 20100528)
[    0.000000] ACPI: FACS 0x000000001FFF0200 000040
[    0.000000] ACPI: FACS 0x000000001FFF0200 000040
[    0.000000] ACPI: APIC 0x000000001FFF0240 000054 (v02 VBOX   VBOXAPIC 00000001 ASL  00000061)
[    0.000000] ACPI: SSDT 0x000000001FFF02A0 0001CC (v01 VBOX   VBOXCPUT 00000002 INTL 20100528)
[    0.000000] No NUMA configuration found
[    0.000000] Faking a node at [mem 0x0000000000000000-0x000000001ffeffff]
[    0.000000] NODE_DATA(0) allocated [mem 0x1ffc5000-0x1ffeffff]
[    0.000000] kvm-clock: cpu 0, msr 0:1ff44001, primary cpu clock
[    0.000000] kvm-clock: Using msrs 4b564d01 and 4b564d00
[    0.000000] kvm-clock: using sched offset of 3381819351 cycles
[    0.000000] clocksource: kvm-clock: mask: 0xffffffffffffffff max_cycles: 0x1cd42e4dffb, max_idle_ns: 881590591483 ns
[    0.000000] Zone ranges:
[    0.000000]   DMA      [mem 0x0000000000001000-0x0000000000ffffff]
[    0.000000]   DMA32    [mem 0x0000000001000000-0x000000001ffeffff]
[    0.000000]   Normal   empty
[    0.000000]   Device   empty
[    0.000000] Movable zone start for each node
[    0.000000] Early memory node ranges
[    0.000000]   node   0: [mem 0x0000000000001000-0x000000000009efff]
[    0.000000]   node   0: [mem 0x0000000000100000-0x000000001ffeffff]
[    0.000000] Reserved but unavailable: 98 pages
[    0.000000] Initmem setup node 0 [mem 0x0000000000001000-0x000000001ffeffff]
[    0.000000] ACPI: PM-Timer IO Port: 0x4008
[    0.000000] IOAPIC[0]: apic_id 1, version 32, address 0xfec00000, GSI 0-23
[    0.000000] ACPI: INT_SRC_OVR (bus 0 bus_irq 0 global_irq 2 dfl dfl)
[    0.000000] ACPI: INT_SRC_OVR (bus 0 bus_irq 9 global_irq 9 low level)
[    0.000000] Using ACPI (MADT) for SMP configuration information
[    0.000000] smpboot: Allowing 1 CPUs, 0 hotplug CPUs
[    0.000000] PM: Registered nosave memory: [mem 0x00000000-0x00000fff]
[    0.000000] PM: Registered nosave memory: [mem 0x0009f000-0x0009ffff]
[    0.000000] PM: Registered nosave memory: [mem 0x000a0000-0x000effff]
[    0.000000] PM: Registered nosave memory: [mem 0x000f0000-0x000fffff]
[    0.000000] e820: [mem 0x20000000-0xfebfffff] available for PCI devices
[    0.000000] Booting paravirtualized kernel on KVM
[    0.000000] clocksource: refined-jiffies: mask: 0xffffffff max_cycles: 0xffffffff, max_idle_ns: 7645519600211568 ns
[    0.000000] random: get_random_bytes called from start_kernel+0x99/0x500 with crng_init=0
[    0.000000] setup_percpu: NR_CPUS:8192 nr_cpumask_bits:1 nr_cpu_ids:1 nr_node_ids:1
[    0.000000] percpu: Embedded 45 pages/cpu s147456 r8192 d28672 u2097152
[    0.000000] PV qspinlock hash table entries: 256 (order: 0, 4096 bytes)
[    0.000000] Built 1 zonelists, mobility grouping on.  Total pages: 128889
[    0.000000] Policy zone: DMA32
[    0.000000] Kernel command line: BOOT_IMAGE=/boot/vmlinuz-4.15.0-112-generic root=LABEL=cloudimg-rootfs ro console=tty1 console=ttyS0
[    0.000000] Memory: 467124K/523832K available (12300K kernel code, 2481K rwdata, 4272K rodata, 2436K init, 2720K bss, 56708K reserved, 0K cma-reserved)
[    0.000000] SLUB: HWalign=64, Order=0-3, MinObjects=0, CPUs=1, Nodes=1
[    0.000000] Kernel/User page tables isolation: enabled
[    0.000000] ftrace: allocating 39378 entries in 154 pages
[    0.004000] Hierarchical RCU implementation.
[    0.004000] 	RCU restricting CPUs from NR_CPUS=8192 to nr_cpu_ids=1.
[    0.004000] 	Tasks RCU enabled.
[    0.004000] RCU: Adjusting geometry for rcu_fanout_leaf=16, nr_cpu_ids=1
[    0.004000] NR_IRQS: 524544, nr_irqs: 256, preallocated irqs: 16
[    0.004000] Console: colour VGA+ 80x25
[    0.004000] console [tty1] enabled
[    0.004000] console [ttyS0] enabled
[    0.004000] ACPI: Core revision 20170831
[    0.004000] ACPI: 2 ACPI AML tables successfully acquired and loaded
[    0.004000] APIC: Switch to symmetric I/O mode setup
[    0.004000] x2apic enabled
[    0.004000] Switched APIC routing to physical x2apic.
[    0.004813] ..TIMER: vector=0x30 apic1=0 pin1=2 apic2=-1 pin2=-1
[    0.008002] tsc: Detected 1991.998 MHz processor
[    0.008559] Calibrating delay loop (skipped) preset value.. 3983.99 BogoMIPS (lpj=7967992)
[    0.008974] pid_max: default: 32768 minimum: 301
[    0.009553] Security Framework initialized
[    0.012002] Yama: becoming mindful.
[    0.012470] AppArmor: AppArmor initialized
[    0.013037] Dentry cache hash table entries: 65536 (order: 7, 524288 bytes)
[    0.013863] Inode-cache hash table entries: 32768 (order: 6, 262144 bytes)
[    0.014666] Mount-cache hash table entries: 1024 (order: 1, 8192 bytes)
[    0.015460] Mountpoint-cache hash table entries: 1024 (order: 1, 8192 bytes)
[    0.016171] process: using mwait in idle threads
[    0.016683] Last level iTLB entries: 4KB 64, 2MB 8, 4MB 8
[    0.020003] Last level dTLB entries: 4KB 64, 2MB 0, 4MB 0, 1GB 4
[    0.020655] Spectre V1 : Mitigation: usercopy/swapgs barriers and __user pointer sanitization
[    0.021596] Spectre V2 : Mitigation: Full generic retpoline
[    0.022228] Spectre V2 : Spectre v2 / SpectreRSB mitigation: Filling RSB on context switch
[    0.024005] Speculative Store Bypass: Vulnerable
[    0.028038] SRBDS: Unknown: Dependent on hypervisor status
[    0.028689] MDS: Vulnerable: Clear CPU buffers attempted, no microcode
[    0.041145] Freeing SMP alternatives memory: 36K
[    0.151913] smpboot: CPU0: Intel(R) Core(TM) i7-8565U CPU @ 1.80GHz (family: 0x6, model: 0x8e, stepping: 0xc)
[    0.152070] Performance Events: unsupported p6 CPU model 142 no PMU driver, software events only.
[    0.156047] Hierarchical SRCU implementation.
[    0.157048] NMI watchdog: Perf event create on CPU 0 failed with -2
[    0.160003] NMI watchdog: Perf NMI watchdog permanently disabled
[    0.164050] smp: Bringing up secondary CPUs ...
[    0.168005] smp: Brought up 1 node, 1 CPU
[    0.168467] smpboot: Max logical packages: 1
[    0.168985] smpboot: Total of 1 processors activated (3983.99 BogoMIPS)
[    0.169825] devtmpfs: initialized
[    0.172043] x86/mm: Memory block size: 128MB
[    0.172669] evm: security.selinux
[    0.173057] evm: security.SMACK64
[    0.173477] evm: security.SMACK64EXEC
[    0.173894] evm: security.SMACK64TRANSMUTE
[    0.174388] evm: security.SMACK64MMAP
[    0.174806] evm: security.apparmor
[    0.175242] evm: security.ima
[    0.175593] evm: security.capability
[    0.176089] clocksource: jiffies: mask: 0xffffffff max_cycles: 0xffffffff, max_idle_ns: 7645041785100000 ns
[    0.179077] futex hash table entries: 256 (order: 2, 16384 bytes)
[    0.180033] pinctrl core: initialized pinctrl subsystem
[    0.184077] RTC time: 22:41:45, date: 08/16/20
[    0.184712] NET: Registered protocol family 16
[    0.185256] audit: initializing netlink subsys (disabled)
[    0.185927] cpuidle: using governor ladder
[    0.186393] cpuidle: using governor menu
[    0.186864] ACPI: bus type PCI registered
[    0.187321] acpiphp: ACPI Hot Plug PCI Controller Driver version: 0.5
[    0.188072] PCI: Using configuration type 1 for base access
[    0.188762] audit: type=2000 audit(1597617708.862:1): state=initialized audit_enabled=0 res=1
[    0.192742] HugeTLB registered 2.00 MiB page size, pre-allocated 0 pages
[    0.196162] ACPI: Added _OSI(Module Device)
[    0.200009] ACPI: Added _OSI(Processor Device)
[    0.204007] ACPI: Added _OSI(3.0 _SCP Extensions)
[    0.204585] ACPI: Added _OSI(Processor Aggregator Device)
[    0.208014] ACPI: Added _OSI(Linux-Dell-Video)
[    0.208557] ACPI: Added _OSI(Linux-Lenovo-NV-HDMI-Audio)
[    0.209190] ACPI: Added _OSI(Linux-HPI-Hybrid-Graphics)
[    0.210053] ACPI: Executed 1 blocks of module-level executable AML code
[    0.217438] ACPI: Interpreter enabled
[    0.220023] ACPI: (supports S0 S5)
[    0.224003] ACPI: Using IOAPIC for interrupt routing
[    0.224791] PCI: Using host bridge windows from ACPI; if necessary, use "pci=nocrs" and report a bug
[    0.226035] ACPI: Enabled 2 GPEs in block 00 to 07
[    0.231239] ACPI: PCI Root Bridge [PCI0] (domain 0000 [bus 00-ff])
[    0.232000] acpi PNP0A03:00: _OSC: OS supports [ASPM ClockPM Segments MSI]
[    0.232040] acpi PNP0A03:00: _OSC: not requesting OS control; OS requires [ExtendedConfig ASPM ClockPM MSI]
[    0.236021] acpi PNP0A03:00: fail to add MMCONFIG information, can't access extended PCI configuration space under this bridge.
[    0.240300] PCI host bridge to bus 0000:00
[    0.240853] pci_bus 0000:00: root bus resource [io  0x0000-0x0cf7 window]
[    0.241756] pci_bus 0000:00: root bus resource [io  0x0d00-0xffff window]
[    0.242723] pci_bus 0000:00: root bus resource [mem 0x000a0000-0x000bffff window]
[    0.244004] pci_bus 0000:00: root bus resource [mem 0x20000000-0xfdffffff window]
[    0.245051] pci_bus 0000:00: root bus resource [bus 00-ff]
[    0.248184] pci 0000:00:01.1: legacy IDE quirk: reg 0x10: [io  0x01f0-0x01f7]
[    0.249032] pci 0000:00:01.1: legacy IDE quirk: reg 0x14: [io  0x03f6]
[    0.252008] pci 0000:00:01.1: legacy IDE quirk: reg 0x18: [io  0x0170-0x0177]
[    0.253282] pci 0000:00:01.1: legacy IDE quirk: reg 0x1c: [io  0x0376]
[    0.265012] pci 0000:00:07.0: quirk: [io  0x4000-0x403f] claimed by PIIX4 ACPI
[    0.265913] pci 0000:00:07.0: quirk: [io  0x4100-0x410f] claimed by PIIX4 SMB
[    0.271036] ACPI: PCI Interrupt Link [LNKA] (IRQs 5 9 10 *11)
[    0.272277] ACPI: PCI Interrupt Link [LNKB] (IRQs 5 9 *10 11)
[    0.273053] ACPI: PCI Interrupt Link [LNKC] (IRQs 5 *9 10 11)
[    0.276115] ACPI: PCI Interrupt Link [LNKD] (IRQs 5 9 10 *11)
[    0.280305] SCSI subsystem initialized
[    0.280863] pci 0000:00:02.0: vgaarb: setting as boot VGA device
[    0.281571] pci 0000:00:02.0: vgaarb: VGA device added: decodes=io+mem,owns=io+mem,locks=none
[    0.282580] pci 0000:00:02.0: vgaarb: bridge control possible
[    0.283295] vgaarb: loaded
[    0.284046] ACPI: bus type USB registered
[    0.288050] usbcore: registered new interface driver usbfs
[    0.292024] usbcore: registered new interface driver hub
[    0.292718] usbcore: registered new device driver usb
[    0.296070] EDAC MC: Ver: 3.0.0
[    0.296715] PCI: Using ACPI for IRQ routing
[    0.300227] NetLabel: Initializing
[    0.300637] NetLabel:  domain hash size = 128
[    0.301127] NetLabel:  protocols = UNLABELED CIPSOv4 CALIPSO
[    0.301753] NetLabel:  unlabeled traffic allowed by default
[    0.302483] clocksource: Switched to clocksource kvm-clock
[    0.315387] VFS: Disk quotas dquot_6.6.0
[    0.323166] VFS: Dquot-cache hash table entries: 512 (order 0, 4096 bytes)
[    0.326952] AppArmor: AppArmor Filesystem Enabled
[    0.327496] pnp: PnP ACPI init
[    0.328685] pnp: PnP ACPI: found 3 devices
[    0.425915] clocksource: acpi_pm: mask: 0xffffff max_cycles: 0xffffff, max_idle_ns: 2085701024 ns
[    0.650181] NET: Registered protocol family 2
[    0.729474] TCP established hash table entries: 4096 (order: 3, 32768 bytes)
[    0.879495] TCP bind hash table entries: 4096 (order: 4, 65536 bytes)
[    0.998674] TCP: Hash tables configured (established 4096 bind 4096)
[    1.006388] UDP hash table entries: 256 (order: 1, 8192 bytes)
[    1.007099] UDP-Lite hash table entries: 256 (order: 1, 8192 bytes)
[    1.021227] NET: Registered protocol family 1
[    1.021787] pci 0000:00:00.0: Limiting direct PCI/PCI transfers
[    1.022545] pci 0000:00:01.0: Activating ISA DMA hang workarounds
[    1.032129] pci 0000:00:02.0: Video device with shadowed ROM at [mem 0x000c0000-0x000dffff]
[    1.034489] Unpacking initramfs...
[    1.303477] Freeing initrd memory: 19212K
[    1.399770] clocksource: tsc: mask: 0xffffffffffffffff max_cycles: 0x396d4e5fc9d, max_idle_ns: 881590756024 ns
[    1.547592] platform rtc_cmos: registered platform RTC device (no PNP device found)
[    1.548576] Scanning for low memory corruption every 60 seconds
[    1.634314] Initialise system trusted keyrings
[    1.712216] Key type blacklist registered
[    1.763956] workingset: timestamp_bits=36 max_order=17 bucket_order=0
[    1.813975] zbud: loaded
[    1.814672] squashfs: version 4.0 (2009/01/31) Phillip Lougher
[    1.821763] fuse init (API version 7.26)
[    1.822738] Key type asymmetric registered
[    1.823246] Asymmetric key parser 'x509' registered
[    1.823855] Block layer SCSI generic (bsg) driver version 0.4 loaded (major 246)
[    1.824782] io scheduler noop registered
[    1.825279] io scheduler deadline registered
[    1.825817] io scheduler cfq registered (default)
[    1.833012] ACPI: AC Adapter [AC] (on-line)
[    1.833543] input: Power Button as /devices/LNXSYSTM:00/LNXPWRBN:00/input/input0
[    1.834377] ACPI: Power Button [PWRF]
[    1.834880] input: Sleep Button as /devices/LNXSYSTM:00/LNXSLPBN:00/input/input1
[    1.835765] ACPI: Sleep Button [SLPF]
[    1.852216] ACPI: Battery Slot [BAT0] (battery present)
[    1.852863] Serial: 8250/16550 driver, 32 ports, IRQ sharing enabled
[    1.875285] 00:02: ttyS0 at I/O 0x3f8 (irq = 4, base_baud = 115200) is a 16550A
[    2.005869] Linux agpgart interface v0.103
[    2.057301] loop: module loaded
[    2.071407] scsi host0: ata_piix
[    2.079026] scsi host1: ata_piix
[    2.085742] ata1: PATA max UDMA/33 cmd 0x1f0 ctl 0x3f6 bmdma 0xd000 irq 14
[    2.205734] ata2: PATA max UDMA/33 cmd 0x170 ctl 0x376 bmdma 0xd008 irq 15
[    2.238339] libphy: Fixed MDIO Bus: probed
[    2.293504] tun: Universal TUN/TAP device driver, 1.6
[    2.442263] PPP generic driver version 2.4.2
[    2.451682] ehci_hcd: USB 2.0 'Enhanced' Host Controller (EHCI) Driver
[    2.452474] ehci-pci: EHCI PCI platform driver
[    2.453044] ehci-platform: EHCI generic platform driver
[    2.453682] ohci_hcd: USB 1.1 'Open' Host Controller (OHCI) Driver
[    2.454422] ohci-pci: OHCI PCI platform driver
[    2.454971] ohci-platform: OHCI generic platform driver
[    2.455607] uhci_hcd: USB Universal Host Controller Interface driver
[    2.463468] i8042: PNP: PS/2 Controller [PNP0303:PS2K,PNP0f03:PS2M] at 0x60,0x64 irq 1,12
[    2.464825] serio: i8042 KBD port at 0x60,0x64 irq 1
[    2.465458] serio: i8042 AUX port at 0x60,0x64 irq 12
[    2.466122] mousedev: PS/2 mouse device common for all mice
[    2.474519] input: AT Translated Set 2 keyboard as /devices/platform/i8042/serio0/input/input2
[    2.475699] rtc_cmos rtc_cmos: rtc core: registered rtc_cmos as rtc0
[    2.599156] rtc_cmos rtc_cmos: alarms up to one day, 114 bytes nvram
[    2.724036] i2c /dev entries driver
[    2.802179] device-mapper: uevent: version 1.0.3
[    2.859716] device-mapper: ioctl: 4.37.0-ioctl (2017-09-20) initialised: dm-devel@redhat.com
[    2.933984] ledtrig-cpu: registered to indicate activity on CPUs
[    3.049700] intel_pmc_core:  initialized
[    3.108467] NET: Registered protocol family 10
[    3.111018] Segment Routing with IPv6
[    3.111513] NET: Registered protocol family 17
[    3.112247] Key type dns_resolver registered
[    3.112952] mce: Using 0 MCE banks
[    3.113396] RAS: Correctable Errors collector initialized.
[    3.114068] sched_clock: Marking stable (3112204180, 0)->(6137111741, -3024907561)
[    3.115070] registered taskstats version 1
[    3.115607] Loading compiled-in X.509 certificates
[    3.118333] Loaded X.509 cert 'Build time autogenerated kernel key: 1d4b83cbc5f7a3cd7e4471a5cf69d65d9314bdf5'
[    3.119630] zswap: loaded using pool lzo/zbud
[    3.122316] Key type big_key registered
[    3.122827] Key type trusted registered
[    3.124243] Key type encrypted registered
[    3.124783] AppArmor: AppArmor sha1 policy hashing enabled
[    3.125446] ima: No TPM chip found, activating TPM-bypass! (rc=-19)
[    3.126200] ima: Allocated hash algorithm: sha1
[    3.134750] evm: HMAC attrs: 0x1
[    3.135390]   Magic number: 0:682:704
[    3.137695]  cpu: hash matches
[    3.138159] rtc_cmos rtc_cmos: setting system clock to 2020-08-16 22:41:49 UTC (1597617709)
[    3.139255] BIOS EDD facility v0.16 2004-Jun-25, 0 devices found
[    3.140013] EDD information not available.
[    3.142685] Freeing unused kernel image memory: 2436K
[    3.152046] Write protecting the kernel read-only data: 20480k
[    3.198522] Freeing unused kernel image memory: 2008K
[    3.199343] Freeing unused kernel image memory: 1872K
[    3.206261] x86/mm: Checked W+X mappings: passed, no W+X pages found.
[    3.214196] x86/mm: Checking user space page tables
[    3.220999] x86/mm: Checked W+X mappings: passed, no W+X pages found.
Loading, please wait...
starting version 237
[    3.299454] e1000: Intel(R) PRO/1000 Network Driver - version 7.3.21-k8-NAPI
[    3.379749] e1000: Copyright (c) 1999-2006 Intel Corporation.
[    3.430710] Fusion MPT base driver 3.04.20
[    3.444741] Copyright (c) 1999-2008 LSI Corporation
[    3.561494] AVX2 version of gcm_enc/dec engaged.
[    3.626669] AES CTR mode by8 optimization enabled
[    3.745955] Fusion MPT SPI Host driver 3.04.20
[    3.768319] input: ImExPS/2 Generic Explorer Mouse as /devices/platform/i8042/serio1/input/input4
[    4.203429] e1000 0000:00:03.0 eth0: (PCI:33MHz:32-bit) 02:95:95:10:ca:f7
[    4.339441] e1000 0000:00:03.0 eth0: Intel(R) PRO/1000 Network Connection
[    4.483920] mptbase: ioc0: Initiating bringup
[    4.617115] ioc0: LSI53C1030 A0: Capabilities={Initiator}
[    5.021789] scsi host2: ioc0: LSI53C1030 A0, FwRev=00000000h, Ports=1, MaxQ=256, IRQ=20
[    5.380864] scsi 2:0:0:0: Direct-Access     VBOX     HARDDISK         1.0  PQ: 0 ANSI: 5
[    5.457470] scsi target2:0:0: Beginning Domain Validation
[    5.599624] scsi target2:0:0: Domain Validation skipping write tests
[    5.746593] scsi target2:0:0: Ending Domain Validation
[    5.780689] scsi target2:0:0: asynchronous
[    5.781282] random: fast init done
[    5.794003] scsi 2:0:1:0: Direct-Access     VBOX     HARDDISK         1.0  PQ: 0 ANSI: 5
[    6.058221] scsi target2:0:1: Beginning Domain Validation
[    6.257073] scsi target2:0:1: Domain Validation skipping write tests
[    6.305792] scsi target2:0:1: Ending Domain Validation
[    6.314588] scsi target2:0:1: asynchronous
[    6.318169] random: systemd-udevd: uninitialized urandom read (16 bytes read)
[    6.319029] random: systemd-udevd: uninitialized urandom read (16 bytes read)
[    6.319874] random: systemd-udevd: uninitialized urandom read (16 bytes read)
[    6.321084] sd 2:0:0:0: [sda] 20971520 512-byte logical blocks: (10.7 GB/10.0 GiB)
[    6.441854] sd 2:0:0:0: Attached scsi generic sg0 type 0
[    6.604105] e1000 0000:00:08.0 eth1: (PCI:33MHz:32-bit) 08:00:27:94:76:7f
[    6.632123] e1000 0000:00:08.0 eth1: Intel(R) PRO/1000 Network Connection
[    6.633668] e1000 0000:00:08.0 enp0s8: renamed from eth1
[    6.635421] e1000 0000:00:03.0 enp0s3: renamed from eth0
[    6.637125] sd 2:0:0:0: [sda] Write Protect is off
[    6.637900] sd 2:0:0:0: [sda] Incomplete mode parameter data
[    6.638548] sd 2:0:0:0: [sda] Assuming drive cache: write through
[    6.640227] sd 2:0:1:0: Attached scsi generic sg1 type 0
[    6.678505] sd 2:0:1:0: [sdb] 20480 512-byte logical blocks: (10.5 MB/10.0 MiB)
[    6.685900]  sda: sda1
[    6.693186] sd 2:0:1:0: [sdb] Write Protect is off
[    6.693883] sd 2:0:1:0: [sdb] Incomplete mode parameter data
[    6.694524] sd 2:0:1:0: [sdb] Assuming drive cache: write through
[    6.696627] sd 2:0:0:0: [sda] Attached SCSI disk
[    6.800166] sd 2:0:1:0: [sdb] Attached SCSI disk
Begin: Loading essential drivers ... [    8.252479] raid6: sse2x1   gen() 13804 MB/s
[    8.392379] raid6: sse2x1   xor()  8031 MB/s
[    8.448250] raid6: sse2x2   gen() 16226 MB/s
[    8.496083] raid6: sse2x2   xor() 10978 MB/s
[    8.604418] raid6: sse2x4   gen() 17853 MB/s
[    8.704501] raid6: sse2x4   xor() 10312 MB/s
[    8.776043] raid6: avx2x1   gen() 27125 MB/s
[    8.832580] raid6: avx2x1   xor() 16049 MB/s
[    8.892377] raid6: avx2x2   gen() 31008 MB/s
[    8.948511] raid6: avx2x2   xor() 19719 MB/s
[    9.076281] raid6: avx2x4   gen() 33994 MB/s
[    9.164066] raid6: avx2x4   xor() 20626 MB/s
[    9.164652] raid6: using algorithm avx2x4 gen() 33994 MB/s
[    9.186776] raid6: .... xor() 20626 MB/s, rmw enabled
[    9.221863] raid6: using avx2x2 recovery algorithm
[    9.232316] xor: automatically using best checksumming function   avx       
[    9.256811] async_tx: api initialized (async)
done.
Begin: Running /scripts/init-premount ... done.
Begin: Mounting root file syst[    9.296033] Btrfs loaded, crc32c=crc32c-intel
em ... Begin: Running /scripts/local-top ... don[    9.400335] EXT4-fs (sda1): mounted filesystem with ordered data mode. Opts: (null)
e.
Begin: Running /scripts/local-premount ... Scanning for Btrfs filesystems
done.
Warning: fsck not present, so skipping root file system
done.
Begin: Running /scripts/local-bottom ... done.
Begin: Running /scripts/init-bottom ... done.
[    9.603063] ip_tables: (C) 2000-2006 Netfilter Core Team
[    9.683046] systemd[1]: systemd 237 running in system mode. (+PAM +AUDIT +SELINUX +IMA +APPARMOR +SMACK +SYSVINIT +UTMP +LIBCRYPTSETUP +GCRYPT +GNUTLS +ACL +XZ +LZ4 +SECCOMP +BLKID +ELFUTILS +KMOD -IDN2 +IDN -PCRE2 default-hierarchy=hybrid)
[   10.057587] systemd[1]: Detected virtualization oracle.
[   10.058225] systemd[1]: Detected architecture x86-64.

Welcome to [1mUbuntu 18.04.5 LTS[0m!

[   10.078093] systemd[1]: Set hostname to <ubuntu>.
[   10.131540] systemd[1]: Initializing machine ID from random generator.
[   10.138377] systemd[1]: Installed transient /etc/machine-id file.
[   10.416070] systemd[1]: Created slice System Slice.
[[0;32m  OK  [0m] Created slice System Slice.
[   10.417634] systemd[1]: Listening on LVM2 poll daemon socket.
[[0;32m  OK  [0m] Listening on LVM2 poll daemon socket.
[   10.419201] systemd[1]: Listening on Journal Audit Socket.
[[0;32m  OK  [0m] Listening on Journal Audit Socket.
[   10.421518] systemd[1]: Listening on Syslog Socket.
[[0;32m  OK  [0m] Listening on Syslog Socket.
[[0;32m  OK  [0m] Listening on LVM2 metadata daemon socket.
[[0;32m  OK  [0m] Listening on udev Kernel Socket.
[[0;32m  OK  [0m] Reached target User and Group Name Lookups.
[[0;32m  OK  [0m] Listening on udev Control Socket.
[[0;32m  OK  [0m] Created slice system-serial\x2dgetty.slice.
[[0;32m  OK  [0m] Reached target Swap.
[[0;32m  OK  [0m] Set up automount Arbitrary Executab…rmats File System Automount Point.
[[0;32m  OK  [0m] Listening on Journal Socket (/dev/log).
[[0;32m  OK  [0m] Reached target System Time Synchronized.
[[0;32m  OK  [0m] Created slice User and Session Slice.
[[0;32m  OK  [0m] Listening on Journal Socket.
         Mounting Kernel Debug File System...
         Starting Create list of required st…ce nodes for the current kernel...
         Starting Set the console keyboard layout...
         Starting Uncomplicated firewall...
         Mounting POSIX Message Queue File System...
         Starting udev Coldplug all Devices...
         Starting Load Ke[   11.319610] Loading iSCSI transport class v2.0-870.
rnel Modules...
         Starting Journal Service...
         Starting Remount Root and Kernel File Systems...
[[0;32m  OK  [0m] Listening on Device-mapper event daemon FIFOs.
         Starting Monitoring of LVM2 mirrors…ng dmeventd or progress polling...
         Mounting Huge Pages File System...
[[0;32m  OK  [0m] Listening on Network Service Netlink Socket.
[[0;32m  OK  [0m] Listening on /dev/initctl Compatibility Named Pipe.
[   11.536837] iscsi: registered transport (tcp)
[[0;32m  OK  [0m] Started Forward Password Requests to Wall Directory Watch.
[[0;32m  OK  [0m] Reached target Slices.
[[0;32m  OK  [0m] Mounted Kernel Debug File System.
[   11.571790] random: crng init done
[   11.572277] random: 7 urandom warning(s) missed due to ratelimiting
[   11.573245] EXT4-fs (sda1): re-mounted. Opts: (null)
[[0;32m  OK  [0m] Started Create list of required sta…vice nodes for the current kernel.
[[0;32m  OK  [0[   11.594797] iscsi: registered transport (iser)
m] Started Set the console keyboard layout.
[[0;32m  OK  [0m] Started Journal Service.
[[0;32m  OK  [0m] Started Uncomplicated firewall.
[[0;32m  OK  [0m] Mounted POSIX Message Queue File System.
[[0;32m  OK  [0m] Started Load Kernel Modules.
[[0;32m  OK  [0m] Started Remount Root and Kernel File Systems.
[[0;32m  OK  [0m] Mounted Huge Pages File System.
[[0;32m  OK  [0m] Started udev Coldplug all Devices.
[[0;32m  OK  [0m] Started LVM2 metadata daemon.
         Starting Load/Save Random Seed...
         Mounting Kernel Configuration File System...
         Mounting FUSE Control File System...
         Starting Apply Kernel Variables...
         Starting Flush Journal to Persistent Storage...
         Starting Create Static Device Nodes in /dev...
[[0;32m  OK  [0m] Started Monitoring of LVM2 mirrors,…sing dmeventd or progress polling.
[[0;32m  OK  [0m] Started Load/Save Random Seed.
[[0;32m  OK  [0m] Mounted Kernel Configuration File System.
[[0;32m  OK  [0m] Mounted FUSE Control File System.
[[0;32m  OK  [0m] Started Apply Kernel Variables.
[[0;32m  OK  [0m] Started Create Static Device Nodes in /dev.
         Starting udev Kernel Device Manager...
[[0;32m  OK  [0m] Reached target Local File Systems (Pre).
[[0;32m  OK  [0m] Reached target Local File Systems.
         Starting AppArmor initialization...
         Starting Tell Plymouth To Write Out Runtime Data...
         Starting Set console font and keymap...
         Starting Commit a transient machine-id on disk...
         Starting ebtables ruleset management...
[[0;32m  OK  [0m] Started udev Kernel Device Manager.
[[0;32m  OK  [0m] Started Flush Journal to Persistent Storage.
[[0;32m  OK  [0m] Started Tell Plymouth To Write Out Runtime Data.
[[0;32m  OK  [0m] Started Set console font and keymap.
[[0;32m  OK  [0m] Started Commit a transient machine-id on disk.
[[0;32m  OK  [0m] Found device /dev/ttyS0.
[[0;32m  OK  [0m] Started ebtables ruleset management.
[[0;32m  OK  [0m] Listening on Load/Save RF Kill Switch Status /dev/rfkill Watch.
         Starting Create Volatile Files and Directories...
[[0;32m  OK  [0m] Started Dispatch Password Requests to Console Directory Watch.
[[0;32m  OK  [0m] Reached target Local Encrypted Volumes.
[[0;32m  OK  [0m] Started Create Volatile Files and Directories.
         Starting Update UTMP about System Boot/Shutdown...
[[0;32m  OK  [0m] Started Update UTMP about System Boot/Shutdown.
[[0;32m  OK  [0m] Started AppArmor initialization.
         Starting Load AppArmor profiles managed internally by snapd...
         Starting Initial cloud-init job (pre-networking)...
[[0;32m  OK  [0m] Started Load AppArmor profiles managed internally by snapd.
[   15.129490] cloud-init[586]: Cloud-init v. 20.2-45-g5f7825e2-0ubuntu1~18.04.1 running 'init-local' at Sun, 16 Aug 2020 22:42:01 +0000. Up 14.83 seconds.
[[0;32m  OK  [0m] Started Initial cloud-init job (pre-networking).
[[0;32m  OK  [0m] Reached target Network (Pre).
         Starting Network Service...
[[0;32m  OK  [0m] Started Network Service.
         Starting Wait for Network to be Configured...
         Starting Network Name Resolution...
[[0;32m  OK  [0m] Started Network Name Resolution.
[[0;32m  OK  [0m] Reached target Host and Network Name Lookups.
[[0;32m  OK  [0m] Reached target Network.
[[0;32m  OK  [0m] Started Wait for Network to be Configured.
         Starting Initial cloud-init job (metadata service crawler)...
[   17.206079] cloud-init[725]: Cloud-init v. 20.2-45-g5f7825e2-0ubuntu1~18.04.1 running 'init' at Sun, 16 Aug 2020 22:42:03 +0000. Up 17.10 seconds.
[   17.308566] cloud-init[725]: ci-info: ++++++++++++++++++++++++++++++++++++++Net device info+++++++++++++++++++++++++++++++++++++++
[   17.371912] cloud-init[725]: ci-info: +--------+-------+----------------------------+---------------+--------+-------------------+
[   17.381906] cloud-init[725]: ci-info: | Device |   Up  |          Address           |      Mask     | Scope  |     Hw-Address    |
[   17.397569] cloud-init[725]: ci-info: +--------+-------+----------------------------+---------------+--------+-------------------+
[   17.399264] cloud-init[725]: ci-info: | enp0s3 |  True |         10.0.2.15          | 255.255.255.0 | global | 02:95:95:10:ca:f7 |
[   17.400918] cloud-init[725]: ci-info: | enp0s3 |  True | fe80::95:95ff:fe10:caf7/64 |       .       |  link  | 02:95:95:10:ca:f7 |
[   17.402517] cloud-init[725]: ci-info: | enp0s8 | False |             .              |       .       |   .    | 08:00:27:94:76:7f |
[   17.404137] cloud-init[725]: ci-info: |   lo   |  True |         127.0.0.1          |   255.0.0.0   |  host  |         .         |
[   17.405750] cloud-init[725]: ci-info: |   lo   |  True |          ::1/128           |       .       |  host  |         .         |
[   17.407447] cloud-init[725]: ci-info: +--------+-------+----------------------------+---------------+--------+-------------------+
[   17.409067] cloud-init[725]: ci-info: ++++++++++++++++++++++++++++Route IPv4 info+++++++++++++++++++++++++++++
[   17.410494] cloud-init[725]: ci-info: +-------+-------------+----------+-----------------+-----------+-------+
[   17.411904] cloud-init[725]: ci-info: | Route | Destination | Gateway  |     Genmask     | Interface | Flags |
[   17.512743] cloud-init[725]: ci-info: +-------+-------------+----------+-----------------+-----------+-------+
[   17.628221] cloud-init[725]: ci-info: |   0   |   0.0.0.0   | 10.0.2.2 |     0.0.0.0     |   enp0s3  |   UG  |
[   17.697259] cloud-init[725]: ci-info: |   1   |   10.0.2.0  | 0.0.0.0  |  255.255.255.0  |   enp0s3  |   U   |
[   17.698481] cloud-init[725]: ci-info: |   2   |   10.0.2.2  | 0.0.0.0  | 255.255.255.255 |   enp0s3  |   UH  |
[   17.699670] cloud-init[725]: ci-info: +-------+-------------+----------+-----------------+-----------+-------+
[   17.704060] cloud-init[725]: ci-info: +++++++++++++++++++Route IPv6 info+++++++++++++++++++
[   17.705036] cloud-init[725]: ci-info: +-------+-------------+---------+-----------+-------+
[   17.780442] cloud-init[725]: ci-info: | Route | Destination | Gateway | Interface | Flags |
[   17.824585] cloud-init[725]: ci-info: +-------+-------------+---------+-----------+-------+
[   17.825776] cloud-init[725]: ci-info: |   1   |  fe80::/64  |    ::   |   enp0s3  |   U   |
[[0;32m  OK  [0m] Started Initial cloud-init job (metadata service crawler).[   17.888281] cloud-init[725]: ci-info: |   3   |    local    |    ::   |   enp0s3  |   U   |
[   17.889451] cloud-init[725]: ci-info: |   4   |   ff00::/8  |    ::   |   enp0s3  |   U   |
[   17.890576] cloud-init[725]: ci-info: +-------+-------------+---------+-----------+-------+
[   17.891639] cloud-init[725]: 
[[0;32m  OK  [0m] Reached target Cloud-config availability.
[[0;32m  OK  [0m] Reached target Network is Online.
Generating public/private rsa key pair.
         Starting Availability of block devices...
[   17.896917] cloud-init[725]: Your identification has been saved in /etc/ssh/ssh_host_rsa_key.
[[0;32m  OK  [0m] Reached target Remote File Systems (Pre).
[   17.899535] cloud-init[725]: [[0;32m  OK  [0m] Reached target Remote File Systems.
[[0;32m  OK  [0m] Reached target System Initialization.
[[0;32m  OK  [0m] Started Daily Cleanup of Temporary Directories.
         Starting LXD - unix socket.
[[0;32m  OK  [0m] Started Message of the Day.
Your public key has been saved in /etc/ssh/ssh_host_rsa_key.pub.
[[   17.928459] cloud-init[725]: The key fingerprint is:
[   17.929306] cloud-init[725]: SHA256:lSoG8pOR1MqCpHCfozGojpDTjpYAMafvsMOuYaLUs34 root@ubuntu-bionic
[   17.929346] cloud-init[725]: The key's randomart image is:
[   17.929387] cloud-init[725]: +---[RSA 2048]----+
[   17.929422] cloud-init[725]: |    ..           |
[   17.929449] cloud-init[725]: |+.o. ..    .     |
[   17.929477] cloud-init[725]: |+O.o+o    o      |
[   17.929503] cloud-init[725]: |* +o*+   o       |
[   17.929534] cloud-init[725]: |o+ =+.o S        |
[   17.929563] cloud-init[725]: |B =  o .         |
[   17.929593] cloud-init[725]: |OX.o             |
[   17.929622] cloud-init[725]: |X*o oE           |
[   17.929661] cloud-init[725]: |*o.o.            |
[   17.929699] cloud-init[725]: +----[SHA256]-----+
[   17.929733] cloud-init[725]: Generating public/private dsa key pair.
[   17.929767] cloud-init[725]: Your identification has been saved in /etc/ssh/ssh_host_dsa_key.
[   17.929798] cloud-init[725]: Your public key has been saved in /etc/ssh/ssh_host_dsa_key.pub.
[   17.929826] cloud-init[725]: The key fingerprint is:
[   17.929851] cloud-init[725]: SHA256:/qcAMF0l2E1UBEgJ/FpA/PMeMpeb0Yn9jqJ3XGFzTT0 root@ubuntu-bionic
[   17.929878] cloud-init[725]: The key's randomart image is:
[   17.929906] cloud-init[725]: +---[DSA 1024]----+
[   17.929974] cloud-init[725]: |     +o=+B=+o   .|
[   17.930010] cloud-init[725]: |     .=.+..    Eo|
[   17.930036] cloud-init[725]: |    o .+       .o|
[   17.930063] cloud-init[725]: |     o  =     + o|
[   17.930090] cloud-init[725]: |      .oSo = o + |
[   17.930117] cloud-init[725]: |      .oo B + .  |
[   17.930142] cloud-init[725]: |        o= * o   |
[   17.930171] cloud-init[725]: |         o* +..  |
[   17.930196] cloud-init[725]: |        .oo=...  |
[   17.930223] cloud-init[725]: +----[SHA256]-----+
[   17.930249] cloud-init[725]: Generating public/private ecdsa key pair.
[   17.930293] cloud-init[725]: Your identification has been saved in /etc/ssh/ssh_host_ecdsa_key.
[   17.930316] cloud-init[725]: Your public key has been saved in /etc/ssh/ssh_host_ecdsa_key.pub.
[   17.930341] cloud-init[725]: The key fingerprint is:
[   17.930363] cloud-init[725]: SHA256:xM3hcdxby2Y1+TlvSkKzPj3EE5cExz5My6GKWyU3VA8 root@ubuntu-bionic
[   17.930408] cloud-init[725]: The key's randomart image is:
[   17.930437] cloud-init[725]: +---[ECDSA 256]---+
[   17.930479] cloud-init[725]: |          o..oEo.|
[   17.930504] cloud-init[725]: |       . + +..oO+|
[   17.930529] cloud-init[725]: |        o + . Oo@|
[   17.930555] cloud-init[725]: |       .   .o=o#o|
[   17.930578] cloud-init[725]: |        S ..=++o+|
[   17.930600] cloud-init[725]: |         . oo = o|
[   17.930624] cloud-init[725]: |          o. = + |
[   17.930651] cloud-init[725]: |         .  o +  |
[   17.930676] cloud-init[725]: |             . . |
[   17.930723] cloud-init[725]: +----[SHA256]-----+
[   17.930749] cloud-init[725]: Generating public/private ed25519 key pair.
[   17.930777] cloud-init[725]: Your identification has been saved in /etc/ssh/ssh_host_ed25519_key.
[   17.930804] cloud-init[725]: Your public key has been saved in /etc/ssh/ssh_host_ed25519_key.pub.
[   17.930831] cloud-init[725]: The key fingerprint is:
[   17.930950] cloud-init[725]: SHA256:mmRD4SIpd5CnVoBXwxS80NGHArrFtrg+FzwV8k6d3aA root@ubuntu-bionic
[   17.930986] cloud-init[725]: The key's randomart image is:
[   17.931012] cloud-init[725]: +--[ED25519 256]--+
[   17.931040] cloud-init[725]: | .+X*+..         |
[   17.931070] cloud-init[725]: |.o++B+o...       |
[   17.931097] cloud-init[725]: |o.B==o=.+ o      |
[   17.931123] cloud-init[725]: | Bo+.* E . .     |
[   17.931148] cloud-init[725]: |o.o + + S        |
[   17.931174] cloud-init[725]: | . + + +         |
[   17.931218] cloud-init[725]: |.   o o          |
[   17.931266] cloud-init[725]: |.. .             |
[   17.931307] cloud-init[725]: | .o              |
[   17.931352] cloud-init[725]: +----[SHA256]-----+
[0;32m  OK  [0m] Started ACPI Events Check.
[[0;32m  OK  [0m] Reached target Paths.
[[0;32m  OK  [0m] Started Daily apt download activities.
[[0;32m  OK  [0m] Listening on ACPID Listen Socket.
[[0;32m  OK  [0m] Listening on Open-iSCSI iscsid Socket.
[[0;32m  OK  [0m] Started Daily apt upgrade and clean activities.
[[0;32m  OK  [0m] Started Discard unused blocks once a week.
[[0;32m  OK  [0m] Reached target Timers.
         Starting Socket activation for snappy daemon.
[[0;32m  OK  [0m] Listening on D-Bus System Message Bus Socket.
[[0;32m  OK  [0m] Listening on UUID daemon activation socket.
[[0;32m  OK  [0m] Started Availability of block devices.
[[0;32m  OK  [0m] Listening on LXD - unix socket.
[[0;32m  OK  [0m] Listening on Socket activation for snappy daemon.
[[0;32m  OK  [0m] Reached target Sockets.
[[0;32m  OK  [0m] Reached target Basic System.
[[0;32m  OK  [0m] Started Deferred execution scheduler.
         Starting Login Service...
[[0;32m  OK  [0m] Started D-Bus System Message Bus.
[[0;32m  OK  [0m] Started Login Service.
         Starting Pollinate to seed the pseudo random number generator...
[[0;32m  OK  [0m] Started Regular background program processing daemon.
[[0;32m  OK  [0m] Started irqbalance daemon.
         Starting LSB: Record successful boot for GRUB...
         Starting System Logging Service...
         Starting LSB: automatic crash report generation...
         Starting Permit User Sessions...
[[0;32m  OK  [0m] Started FUSE filesystem for LXC.
[[0;32m  OK  [0m] Started Unattended Upgrades Shutdown.
         Starting Accounts Service...
         Starting Snap Daemon...
         Starting Dispatcher daemon for systemd-networkd...
         Starting Virtualbox guest utils...
         Starting LXD - container startup/shutdown...
[[0;32m  OK  [0m] Started System Logging Service.
[[0;32m  OK  [0m] Started Permit User Sessions.
         Starting Authorization Manager...
         Starting Terminate Plymouth Boot Screen...
         Starting Hold until boot process finishes up...
[[0;32m  OK  [0m] Started LSB: automatic crash report generation.
[[0;32m  OK  [0m] Started LXD - container startup/shutdown.
[[0;32m  OK  [0m] Started LSB: Record successful boot for GRUB.
[[0;32m  OK  [0m] Started Terminate Plymouth Boot Screen.
[[0;32m  OK  [0m] Started Hold until boot process finishes up.
[[0;32m  OK  [0m] Started Dispatcher daemon for systemd-networkd.
[[0;32m  OK  [0m] Started Virtualbox guest utils.
[[0;32m  OK  [0m] Started Authorization Manager.
[[0;32m  OK  [0m] Started Accounts Service.
[[0;32m  OK  [0m] Started Serial Getty on ttyS0.
         Starting Set console scheme...
[[0;32m  OK  [0m] Started Set console scheme.
[[0;32m  OK  [0m] Created slice system-getty.slice.
[[0;32m  OK  [0m] Started Getty on tty1.
[[0;32m  OK  [0m] Reached target Login Prompts.
[[0;32m  OK  [0m] Started Snap Daemon.
         Starting Wait until snapd is fully seeded...
[[0;32m  OK  [0m] Started Pollinate to seed the pseudo random number generator.
         Starting OpenBSD Secure Shell server...
[[0;32m  OK  [0m] Started OpenBSD Secure Shell server.
[[0;32m  OK  [0m] Created slice User Slice of vagrant.
         Starting User Manager for UID 1000...
[[0;32m  OK  [0m] Started Session 1 of user vagrant.
[[0;32m  OK  [0m] Started User Manager for UID 1000.
[[0;32m  OK  [0m] Started Wait until snapd is fully seeded.
[[0;32m  OK  [0m] Reached target Multi-User System.
[[0;32m  OK  [0m] Reached target Graphical Interface.
         Starting Update UTMP about System Runlevel Changes...
         Starting Apply the settings specified in cloud-config...
[[0;32m  OK  [0m] Started Update UTMP about System Runlevel Changes.
[   26.421060] cloud-init[1433]: Cloud-init v. 20.2-45-g5f7825e2-0ubuntu1~18.04.1 running 'modules:config' at Sun, 16 Aug 2020 22:42:12 +0000. Up 26.02 seconds.
[[0;32m  OK  [0m] Started Apply the settings specified in cloud-config.
         Starting Execute cloud user/final scripts...
ci-info: no authorized SSH keys fingerprints found for user ubuntu.
<14>Aug 16 22:42:13 ec2: 
<14>Aug 16 22:42:13 ec2: #############################################################
<14>Aug 16 22:42:13 ec2: -----BEGIN SSH HOST KEY FINGERPRINTS-----
<14>Aug 16 22:42:13 ec2: 1024 SHA256:/qcAMF0l2E1UBEgJ/FpA/PMeMpeb0Yn9jqJ3XGFzTT0 root@ubuntu-bionic (DSA)
<14>Aug 16 22:42:13 ec2: 256 SHA256:xM3hcdxby2Y1+TlvSkKzPj3EE5cExz5My6GKWyU3VA8 root@ubuntu-bionic (ECDSA)
<14>Aug 16 22:42:13 ec2: 256 SHA256:mmRD4SIpd5CnVoBXwxS80NGHArrFtrg+FzwV8k6d3aA root@ubuntu-bionic (ED25519)
<14>Aug 16 22:42:13 ec2: 2048 SHA256:lSoG8pOR1MqCpHCfozGojpDTjpYAMafvsMOuYaLUs34 root@ubuntu-bionic (RSA)
<14>Aug 16 22:42:13 ec2: -----END SSH HOST KEY FINGERPRINTS-----
<14>Aug 16 22:42:13 ec2: #############################################################
-----BEGIN SSH HOST KEY KEYS-----
ecdsa-sha2-nistp256 AAAAE2VjZHNhLXNoYTItbmlzdHAyNTYAAAAIbmlzdHAyNTYAAABBBGLQMTxtjltlMSjV1b204oK+QUgMVtXHMA4CNhUwpcYOLb7dwhxHiGc3JOK48W019Nhl61ONBOdNNe5Z25M47ZE= root@ubuntu-bionic
ssh-ed25519 AAAAC3NzaC1lZDI1NTE5AAAAIFp1LAsuyADf1YTZEVRz/pGtQlov/v1ROKRRbnp/R1vk root@ubuntu-bionic
ssh-rsa AAAAB3NzaC1yc2EAAAADAQABAAABAQDjD1ti0+mq1f6EGpQ8YCD0GlKjlM3NthjO/laMDrHTOQa1+ItQJfVN5y8fnuBvHffPPunUcArdt7ZcmyEFaxCPxp3N2fyTb2KxkWcf1gW9suRZKU5uYqr6JFi+p0TR951cxqAvdd+/YL74u1WAB9imQ2VTqG0snwLID5c32YQZS9rJ4L3h9dJASYFn4SXw7KIPSHcYsO3cIXWxTSihPFdWvHMvK+gzLPRLld9a8Lk9L8iWgpN2LluE3sux9vSK1dOtAdQmXNDJRGzKyQSdyMiFFHu+HTQLbKEW6IR8cmCEzPpb8DmJrxHHx48ajcnsoBqnzZjqZBIF5bglLRSFLKO9 root@ubuntu-bionic
-----END SSH HOST KEY KEYS-----
[   27.557571] cloud-init[1584]: Cloud-init v. 20.2-45-g5f7825e2-0ubuntu1~18.04.1 running 'modules:final' at Sun, 16 Aug 2020 22:42:13 +0000. Up 26.89 seconds.
[   27.557861] cloud-init[1584]: ci-info: no authorized SSH keys fingerprints found for user ubuntu.
[   27.557893] cloud-init[1584]: Cloud-init v. 20.2-45-g5f7825e2-0ubuntu1~18.04.1 finished at Sun, 16 Aug 2020 22:42:13 +0000. Datasource DataSourceNoCloud [seed=/dev/sdb][dsmode=net].  Up 27.54 seconds

Ubuntu 18.04.5 LTS ubuntu-bionic ttyS0

ubuntu-bionic login: 